<?xml version="1.0" encoding="UTF-8"?>
<!-- Generated by org.testng.reporters.JUnitXMLReporter -->
<testsuite ignored="0" hostname="Shrees-MacBook-Air.local" failures="0" tests="7" name="Default test" time="7.31" errors="0" timestamp="2025-03-19T20:27:14 PDT">
  <testcase classname="Tests.LoginTests" name="test_LoginScenarios" time="3.892"/>
  <testcase classname="Tests.LoginTests" name="test_LoginScenarios" time="0.254"/>
  <testcase classname="Tests.LoginTests" name="test_LoginScenarios" time="0.443"/>
  <testcase classname="Tests.LoginTests" name="test_LoginScenarios" time="0.253"/>
  <testcase classname="Tests.LoginTests" name="test_LoginScenarios" time="0.237"/>
  <testcase classname="Tests.LoginTests" name="test_LoginScenarios" time="0.227"/>
  <testcase classname="Tests.LoginTests" name="test_LoginScenarios" time="0.499"/>
</testsuite> <!-- Default test -->
