<?xml version="1.0" encoding="UTF-8"?>
<!-- Generated by org.testng.reporters.JUnitXMLReporter -->
<testsuite ignored="8" hostname="Shrees-MacBook-Air.local" failures="1" tests="13" name="Test" time="18.704" errors="0" timestamp="2025-03-19T20:29:41 PDT">
  <testcase classname="Tests.AddDataTests" name="test_AddData" time="3.495"/>
  <testcase classname="Tests.LoginTests" name="test_LoginScenarios" time="0.301"/>
  <testcase classname="Tests.LoginTests" name="test_LoginScenarios" time="0.235"/>
  <testcase classname="Tests.LoginTests" name="test_LoginScenarios" time="0.237"/>
  <testcase classname="Tests.LoginTests" name="test_LoginScenarios" time="0.258"/>
  <testcase classname="Tests.LoginTests" name="test_LoginScenarios" time="0.497"/>
  <testcase classname="Tests.LoginTests" name="test_LoginScenarios" time="0.226"/>
  <testcase classname="Tests.LoginTests" name="test_LoginScenarios" time="0.222"/>
  <testcase classname="Tests.GetDataTests" name="test_invalidGetData1" time="0.229"/>
  <testcase classname="Tests.GetDataTests" name="test_invalidGetData2" time="0.729">
    <failure type="java.lang.AssertionError" message="expected [200] but found [503]">
      <![CDATA[java.lang.AssertionError: expected [200] but found [503]
at Tests.GetDataTests.test_invalidGetData2(GetDataTests.java:46)
at java.base/java.util.concurrent.Executors$RunnableAdapter.call(Executors.java:572)
at java.base/java.util.concurrent.FutureTask.run(FutureTask.java:317)
at java.base/java.util.concurrent.ThreadPoolExecutor.runWorker(ThreadPoolExecutor.java:1144)
at java.base/java.util.concurrent.ThreadPoolExecutor$Worker.run(ThreadPoolExecutor.java:642)
at java.base/java.lang.Thread.run(Thread.java:1575)
... Removed 18 stack frames]]>
    </failure>
  </testcase> <!-- test_invalidGetData2 -->
  <testcase classname="Tests.UpdateDataTests" name="test_UpdateData" time="3.41"/>
  <testcase classname="Tests.DeleteDataTests" name="test_UpdateData" time="2.263"/>
  <testcase classname="Tests.GetDataTests" name="test_validGetData" time="0.532"/>
  <testcase classname="BaseClass.BaseTest" name="@BeforeSuite setUpBS" time="0.0">
    <ignored/>
  </testcase> <!-- @BeforeSuite setUpBS -->
  <testcase classname="BaseClass.BaseTest" name="@BeforeSuite setUpBS" time="0.0">
    <ignored/>
  </testcase> <!-- @BeforeSuite setUpBS -->
  <testcase classname="BaseClass.BaseTest" name="@BeforeSuite setUpBS" time="0.0">
    <ignored/>
  </testcase> <!-- @BeforeSuite setUpBS -->
  <testcase classname="BaseClass.BaseTest" name="@BeforeSuite setUpBS" time="0.0">
    <ignored/>
  </testcase> <!-- @BeforeSuite setUpBS -->
  <testcase classname="BaseClass.BaseTest" name="@AfterSuite flushReport" time="0.0">
    <ignored/>
  </testcase> <!-- @AfterSuite flushReport -->
  <testcase classname="BaseClass.BaseTest" name="@AfterSuite flushReport" time="0.0">
    <ignored/>
  </testcase> <!-- @AfterSuite flushReport -->
  <testcase classname="BaseClass.BaseTest" name="@AfterSuite flushReport" time="0.0">
    <ignored/>
  </testcase> <!-- @AfterSuite flushReport -->
  <testcase classname="BaseClass.BaseTest" name="@AfterSuite flushReport" time="0.0">
    <ignored/>
  </testcase> <!-- @AfterSuite flushReport -->
</testsuite> <!-- Test -->
